<?xml version="1.0" encoding="UTF-8"?>
<!-- Generated by org.testng.reporters.JUnitXMLReporter -->
<testsuite ignored="0" hostname="LAPTOP-5M0SOMV8" failures="1" tests="1" name="Test" time="13.231" errors="0" timestamp="2022-07-07T16:25:57 IST">
  <testcase classname="KiteTest.ValidateKiteUserIDByListener" name="validateUserID" time="1.337">
    <failure type="java.lang.AssertionError" message="null">
      <![CDATA[java.lang.AssertionError: null
at KiteTest.ValidateKiteUserIDByListener.validateUserID(ValidateKiteUserIDByListener.java:64)
at java.base/java.util.ArrayList.forEach(ArrayList.java:1541)
... Removed 29 stack frames]]>
    </failure>
  </testcase> <!-- validateUserID -->
</testsuite> <!-- Test -->
